Vivado Simulator 2020.2
Time resolution is 1 ps
out :  x, direction: x
out :  x, direction: x
out :  0, direction: 1
out :  0, direction: 1
out :  1, direction: 1
out :  1, direction: 1
out :  1, direction: 1
out :  1, direction: 1
out :  2, direction: 1
out :  3, direction: 1
out :  4, direction: 1
out :  5, direction: 1
out :  6, direction: 1
out :  7, direction: 1
out :  8, direction: 1
out :  9, direction: 1
out : 10, direction: 1
out : 11, direction: 1
out : 12, direction: 1
out : 13, direction: 1
out : 14, direction: 1
out : 15, direction: 1
out : 14, direction: 0
out : 13, direction: 0
out : 12, direction: 0
out : 11, direction: 0
out : 10, direction: 0
out :  9, direction: 0
out :  8, direction: 0
out :  7, direction: 0
out :  6, direction: 0
out :  5, direction: 0
out :  4, direction: 0
out :  3, direction: 0
out :  2, direction: 0
out :  1, direction: 0
out :  0, direction: 0
out :  1, direction: 1
out :  2, direction: 1
